{"/home/bhavin/Documents/Practical/10. Testing/Mysql/config.js": {"path":"/home/bhavin/Documents/Practical/10. Testing/Mysql/config.js","statementMap":{"0":{"start":{"line":1,"column":15},"end":{"line":1,"column":32}},"1":{"start":{"line":3,"column":0},"end":{"line":9,"column":1}},"2":{"start":{"line":4,"column":4},"end":{"line":4,"column":41}},"3":{"start":{"line":5,"column":7},"end":{"line":9,"column":1}},"4":{"start":{"line":6,"column":4},"end":{"line":6,"column":36}},"5":{"start":{"line":8,"column":4},"end":{"line":8,"column":42}},"6":{"start":{"line":11,"column":18},"end":{"line":17,"column":1}},"7":{"start":{"line":19,"column":19},"end":{"line":21,"column":1}},"8":{"start":{"line":23,"column":0},"end":{"line":23,"column":43}}},"fnMap":{},"branchMap":{"0":{"loc":{"start":{"line":3,"column":0},"end":{"line":9,"column":1}},"type":"if","locations":[{"start":{"line":3,"column":0},"end":{"line":9,"column":1}},{"start":{"line":5,"column":7},"end":{"line":9,"column":1}}],"line":3},"1":{"loc":{"start":{"line":5,"column":7},"end":{"line":9,"column":1}},"type":"if","locations":[{"start":{"line":5,"column":7},"end":{"line":9,"column":1}},{"start":{"line":7,"column":7},"end":{"line":9,"column":1}}],"line":5}},"s":{"0":4,"1":4,"2":4,"3":0,"4":0,"5":0,"6":4,"7":4,"8":4},"f":{},"b":{"0":[4,0],"1":[0,0]},"_coverageSchema":"1a1c01bbd47fc00a2c39e90264f33305004495a9","hash":"d944ab48d81019919914010059fa658267f36841"}
,"/home/bhavin/Documents/Practical/10. Testing/Mysql/express/errorHandler.js": {"path":"/home/bhavin/Documents/Practical/10. Testing/Mysql/express/errorHandler.js","statementMap":{"0":{"start":{"line":1,"column":0},"end":{"line":6,"column":2}},"1":{"start":{"line":2,"column":4},"end":{"line":5,"column":7}}},"fnMap":{"0":{"name":"(anonymous_0)","decl":{"start":{"line":1,"column":17},"end":{"line":1,"column":18}},"loc":{"start":{"line":1,"column":44},"end":{"line":6,"column":1}},"line":1}},"branchMap":{},"s":{"0":4,"1":6},"f":{"0":6},"b":{},"_coverageSchema":"1a1c01bbd47fc00a2c39e90264f33305004495a9","hash":"21cccebfbb9863a7dd6302e636a5ed83be75d573"}
,"/home/bhavin/Documents/Practical/10. Testing/Mysql/express/index.js": {"path":"/home/bhavin/Documents/Practical/10. Testing/Mysql/express/index.js","statementMap":{"0":{"start":{"line":1,"column":16},"end":{"line":1,"column":34}},"1":{"start":{"line":2,"column":12},"end":{"line":2,"column":21}},"2":{"start":{"line":4,"column":21},"end":{"line":4,"column":46}},"3":{"start":{"line":7,"column":0},"end":{"line":7,"column":24}},"4":{"start":{"line":11,"column":0},"end":{"line":11,"column":49}},"5":{"start":{"line":12,"column":0},"end":{"line":12,"column":55}},"6":{"start":{"line":13,"column":0},"end":{"line":13,"column":51}},"7":{"start":{"line":14,"column":0},"end":{"line":14,"column":51}},"8":{"start":{"line":17,"column":0},"end":{"line":17,"column":22}},"9":{"start":{"line":19,"column":0},"end":{"line":19,"column":21}}},"fnMap":{},"branchMap":{},"s":{"0":4,"1":4,"2":4,"3":4,"4":4,"5":4,"6":4,"7":4,"8":4,"9":4},"f":{},"b":{},"_coverageSchema":"1a1c01bbd47fc00a2c39e90264f33305004495a9","hash":"3d9742d51959e7aeb343ab3210f45ef667edacc6"}
,"/home/bhavin/Documents/Practical/10. Testing/Mysql/express/controller/order.js": {"path":"/home/bhavin/Documents/Practical/10. Testing/Mysql/express/controller/order.js","statementMap":{"0":{"start":{"line":1,"column":18},"end":{"line":1,"column":44}},"1":{"start":{"line":2,"column":19},"end":{"line":2,"column":28}},"2":{"start":{"line":4,"column":23},"end":{"line":11,"column":1}},"3":{"start":{"line":5,"column":4},"end":{"line":10,"column":5}},"4":{"start":{"line":6,"column":23},"end":{"line":6,"column":51}},"5":{"start":{"line":7,"column":8},"end":{"line":7,"column":56}},"6":{"start":{"line":9,"column":8},"end":{"line":9,"column":20}},"7":{"start":{"line":13,"column":19},"end":{"line":54,"column":1}},"8":{"start":{"line":14,"column":14},"end":{"line":14,"column":43}},"9":{"start":{"line":16,"column":4},"end":{"line":53,"column":5}},"10":{"start":{"line":17,"column":21},"end":{"line":17,"column":29}},"11":{"start":{"line":19,"column":22},"end":{"line":26,"column":9}},"12":{"start":{"line":28,"column":8},"end":{"line":37,"column":10}},"13":{"start":{"line":30,"column":16},"end":{"line":34,"column":18}},"14":{"start":{"line":39,"column":8},"end":{"line":39,"column":25}},"15":{"start":{"line":41,"column":8},"end":{"line":49,"column":11}},"16":{"start":{"line":51,"column":8},"end":{"line":51,"column":27}},"17":{"start":{"line":52,"column":8},"end":{"line":52,"column":20}},"18":{"start":{"line":55,"column":0},"end":{"line":55,"column":48}}},"fnMap":{"0":{"name":"(anonymous_0)","decl":{"start":{"line":4,"column":23},"end":{"line":4,"column":24}},"loc":{"start":{"line":4,"column":49},"end":{"line":11,"column":1}},"line":4},"1":{"name":"(anonymous_1)","decl":{"start":{"line":13,"column":19},"end":{"line":13,"column":20}},"loc":{"start":{"line":13,"column":45},"end":{"line":54,"column":1}},"line":13},"2":{"name":"(anonymous_2)","decl":{"start":{"line":29,"column":26},"end":{"line":29,"column":27}},"loc":{"start":{"line":29,"column":39},"end":{"line":35,"column":13}},"line":29}},"branchMap":{},"s":{"0":4,"1":4,"2":4,"3":1,"4":1,"5":1,"6":0,"7":4,"8":3,"9":3,"10":3,"11":3,"12":2,"13":4,"14":2,"15":2,"16":1,"17":1,"18":4},"f":{"0":1,"1":3,"2":4},"b":{},"_coverageSchema":"1a1c01bbd47fc00a2c39e90264f33305004495a9","hash":"c87d2bf8e46fa07cefa5a1faae7ead78cae3158e"}
,"/home/bhavin/Documents/Practical/10. Testing/Mysql/express/controller/product.js": {"path":"/home/bhavin/Documents/Practical/10. Testing/Mysql/express/controller/product.js","statementMap":{"0":{"start":{"line":1,"column":19},"end":{"line":1,"column":45}},"1":{"start":{"line":3,"column":25},"end":{"line":10,"column":1}},"2":{"start":{"line":4,"column":4},"end":{"line":9,"column":5}},"3":{"start":{"line":5,"column":25},"end":{"line":5,"column":55}},"4":{"start":{"line":6,"column":8},"end":{"line":6,"column":58}},"5":{"start":{"line":8,"column":8},"end":{"line":8,"column":20}},"6":{"start":{"line":12,"column":19},"end":{"line":24,"column":1}},"7":{"start":{"line":13,"column":4},"end":{"line":23,"column":5}},"8":{"start":{"line":14,"column":21},"end":{"line":14,"column":29}},"9":{"start":{"line":16,"column":24},"end":{"line":19,"column":10}},"10":{"start":{"line":20,"column":8},"end":{"line":20,"column":57}},"11":{"start":{"line":22,"column":8},"end":{"line":22,"column":20}},"12":{"start":{"line":25,"column":0},"end":{"line":25,"column":50}}},"fnMap":{"0":{"name":"(anonymous_0)","decl":{"start":{"line":3,"column":25},"end":{"line":3,"column":26}},"loc":{"start":{"line":3,"column":51},"end":{"line":10,"column":1}},"line":3},"1":{"name":"(anonymous_1)","decl":{"start":{"line":12,"column":19},"end":{"line":12,"column":20}},"loc":{"start":{"line":12,"column":45},"end":{"line":24,"column":1}},"line":12}},"branchMap":{},"s":{"0":4,"1":4,"2":1,"3":1,"4":1,"5":0,"6":4,"7":3,"8":3,"9":3,"10":1,"11":2,"12":4},"f":{"0":1,"1":3},"b":{},"_coverageSchema":"1a1c01bbd47fc00a2c39e90264f33305004495a9","hash":"cfcda86377fb422fc61b67cec679e68fd1b42d0a"}
,"/home/bhavin/Documents/Practical/10. Testing/Mysql/express/controller/query.js": {"path":"/home/bhavin/Documents/Practical/10. Testing/Mysql/express/controller/query.js","statementMap":{"0":{"start":{"line":1,"column":18},"end":{"line":1,"column":44}},"1":{"start":{"line":2,"column":19},"end":{"line":2,"column":28}},"2":{"start":{"line":4,"column":29},"end":{"line":19,"column":1}},"3":{"start":{"line":5,"column":4},"end":{"line":18,"column":5}},"4":{"start":{"line":6,"column":23},"end":{"line":10,"column":10}},"5":{"start":{"line":11,"column":8},"end":{"line":15,"column":11}},"6":{"start":{"line":17,"column":8},"end":{"line":17,"column":20}},"7":{"start":{"line":21,"column":25},"end":{"line":35,"column":1}},"8":{"start":{"line":22,"column":4},"end":{"line":34,"column":5}},"9":{"start":{"line":23,"column":23},"end":{"line":26,"column":10}},"10":{"start":{"line":27,"column":8},"end":{"line":31,"column":11}},"11":{"start":{"line":33,"column":8},"end":{"line":33,"column":20}},"12":{"start":{"line":37,"column":27},"end":{"line":60,"column":1}},"13":{"start":{"line":38,"column":4},"end":{"line":59,"column":5}},"14":{"start":{"line":39,"column":22},"end":{"line":51,"column":10}},"15":{"start":{"line":52,"column":8},"end":{"line":56,"column":11}},"16":{"start":{"line":58,"column":8},"end":{"line":58,"column":20}},"17":{"start":{"line":62,"column":26},"end":{"line":83,"column":1}},"18":{"start":{"line":63,"column":4},"end":{"line":82,"column":5}},"19":{"start":{"line":64,"column":22},"end":{"line":74,"column":10}},"20":{"start":{"line":75,"column":8},"end":{"line":79,"column":11}},"21":{"start":{"line":81,"column":8},"end":{"line":81,"column":20}},"22":{"start":{"line":85,"column":36},"end":{"line":111,"column":1}},"23":{"start":{"line":86,"column":4},"end":{"line":110,"column":5}},"24":{"start":{"line":87,"column":25},"end":{"line":102,"column":10}},"25":{"start":{"line":103,"column":8},"end":{"line":107,"column":11}},"26":{"start":{"line":109,"column":8},"end":{"line":109,"column":20}},"27":{"start":{"line":113,"column":27},"end":{"line":137,"column":1}},"28":{"start":{"line":114,"column":4},"end":{"line":136,"column":5}},"29":{"start":{"line":115,"column":23},"end":{"line":128,"column":10}},"30":{"start":{"line":129,"column":8},"end":{"line":133,"column":11}},"31":{"start":{"line":135,"column":8},"end":{"line":135,"column":20}},"32":{"start":{"line":139,"column":25},"end":{"line":163,"column":1}},"33":{"start":{"line":140,"column":4},"end":{"line":162,"column":5}},"34":{"start":{"line":141,"column":23},"end":{"line":154,"column":10}},"35":{"start":{"line":155,"column":8},"end":{"line":159,"column":11}},"36":{"start":{"line":161,"column":8},"end":{"line":161,"column":20}},"37":{"start":{"line":165,"column":0},"end":{"line":173,"column":2}}},"fnMap":{"0":{"name":"(anonymous_0)","decl":{"start":{"line":4,"column":29},"end":{"line":4,"column":30}},"loc":{"start":{"line":4,"column":55},"end":{"line":19,"column":1}},"line":4},"1":{"name":"(anonymous_1)","decl":{"start":{"line":21,"column":25},"end":{"line":21,"column":26}},"loc":{"start":{"line":21,"column":51},"end":{"line":35,"column":1}},"line":21},"2":{"name":"(anonymous_2)","decl":{"start":{"line":37,"column":27},"end":{"line":37,"column":28}},"loc":{"start":{"line":37,"column":53},"end":{"line":60,"column":1}},"line":37},"3":{"name":"(anonymous_3)","decl":{"start":{"line":62,"column":26},"end":{"line":62,"column":27}},"loc":{"start":{"line":62,"column":52},"end":{"line":83,"column":1}},"line":62},"4":{"name":"(anonymous_4)","decl":{"start":{"line":85,"column":36},"end":{"line":85,"column":37}},"loc":{"start":{"line":85,"column":62},"end":{"line":111,"column":1}},"line":85},"5":{"name":"(anonymous_5)","decl":{"start":{"line":113,"column":27},"end":{"line":113,"column":28}},"loc":{"start":{"line":113,"column":53},"end":{"line":137,"column":1}},"line":113},"6":{"name":"(anonymous_6)","decl":{"start":{"line":139,"column":25},"end":{"line":139,"column":26}},"loc":{"start":{"line":139,"column":51},"end":{"line":163,"column":1}},"line":139}},"branchMap":{},"s":{"0":4,"1":4,"2":4,"3":1,"4":1,"5":1,"6":0,"7":4,"8":1,"9":1,"10":1,"11":0,"12":4,"13":1,"14":1,"15":1,"16":0,"17":4,"18":1,"19":1,"20":1,"21":0,"22":4,"23":1,"24":1,"25":1,"26":0,"27":4,"28":1,"29":1,"30":1,"31":0,"32":4,"33":1,"34":1,"35":1,"36":0,"37":4},"f":{"0":1,"1":1,"2":1,"3":1,"4":1,"5":1,"6":1},"b":{},"_coverageSchema":"1a1c01bbd47fc00a2c39e90264f33305004495a9","hash":"9c8105a0686d2cc5ca995e8b7843e97fd727065f"}
,"/home/bhavin/Documents/Practical/10. Testing/Mysql/express/controller/user.js": {"path":"/home/bhavin/Documents/Practical/10. Testing/Mysql/express/controller/user.js","statementMap":{"0":{"start":{"line":1,"column":18},"end":{"line":1,"column":44}},"1":{"start":{"line":2,"column":19},"end":{"line":2,"column":28}},"2":{"start":{"line":3,"column":21},"end":{"line":31,"column":1}},"3":{"start":{"line":4,"column":4},"end":{"line":30,"column":5}},"4":{"start":{"line":5,"column":22},"end":{"line":25,"column":10}},"5":{"start":{"line":27,"column":8},"end":{"line":27,"column":55}},"6":{"start":{"line":29,"column":8},"end":{"line":29,"column":20}},"7":{"start":{"line":33,"column":19},"end":{"line":46,"column":1}},"8":{"start":{"line":34,"column":4},"end":{"line":45,"column":5}},"9":{"start":{"line":35,"column":21},"end":{"line":35,"column":29}},"10":{"start":{"line":37,"column":21},"end":{"line":41,"column":10}},"11":{"start":{"line":42,"column":8},"end":{"line":42,"column":54}},"12":{"start":{"line":44,"column":8},"end":{"line":44,"column":20}},"13":{"start":{"line":47,"column":0},"end":{"line":47,"column":46}}},"fnMap":{"0":{"name":"(anonymous_0)","decl":{"start":{"line":3,"column":21},"end":{"line":3,"column":22}},"loc":{"start":{"line":3,"column":47},"end":{"line":31,"column":1}},"line":3},"1":{"name":"(anonymous_1)","decl":{"start":{"line":33,"column":19},"end":{"line":33,"column":20}},"loc":{"start":{"line":33,"column":45},"end":{"line":46,"column":1}},"line":33}},"branchMap":{},"s":{"0":4,"1":4,"2":4,"3":1,"4":1,"5":1,"6":0,"7":4,"8":4,"9":4,"10":4,"11":1,"12":3,"13":4},"f":{"0":1,"1":4},"b":{},"_coverageSchema":"1a1c01bbd47fc00a2c39e90264f33305004495a9","hash":"5cc47e09c474ab62ac821913a3136187587d74d6"}
,"/home/bhavin/Documents/Practical/10. Testing/Mysql/express/routes/orderRoutes.js": {"path":"/home/bhavin/Documents/Practical/10. Testing/Mysql/express/routes/orderRoutes.js","statementMap":{"0":{"start":{"line":1,"column":16},"end":{"line":1,"column":34}},"1":{"start":{"line":2,"column":39},"end":{"line":2,"column":69}},"2":{"start":{"line":4,"column":15},"end":{"line":4,"column":31}},"3":{"start":{"line":6,"column":0},"end":{"line":6,"column":47}},"4":{"start":{"line":7,"column":0},"end":{"line":7,"column":40}},"5":{"start":{"line":8,"column":0},"end":{"line":8,"column":24}}},"fnMap":{},"branchMap":{},"s":{"0":4,"1":4,"2":4,"3":4,"4":4,"5":4},"f":{},"b":{},"_coverageSchema":"1a1c01bbd47fc00a2c39e90264f33305004495a9","hash":"c61141a0f3a3b67d6c6cba6fdfdcf3aed05d5c0e"}
,"/home/bhavin/Documents/Practical/10. Testing/Mysql/express/routes/productRoutes.js": {"path":"/home/bhavin/Documents/Practical/10. Testing/Mysql/express/routes/productRoutes.js","statementMap":{"0":{"start":{"line":1,"column":16},"end":{"line":1,"column":34}},"1":{"start":{"line":2,"column":41},"end":{"line":2,"column":73}},"2":{"start":{"line":4,"column":15},"end":{"line":4,"column":31}},"3":{"start":{"line":6,"column":0},"end":{"line":6,"column":51}},"4":{"start":{"line":7,"column":0},"end":{"line":7,"column":40}},"5":{"start":{"line":8,"column":0},"end":{"line":8,"column":24}}},"fnMap":{},"branchMap":{},"s":{"0":4,"1":4,"2":4,"3":4,"4":4,"5":4},"f":{},"b":{},"_coverageSchema":"1a1c01bbd47fc00a2c39e90264f33305004495a9","hash":"309fef08e3937b9ce11a43f1d4ab31e03bc28113"}
,"/home/bhavin/Documents/Practical/10. Testing/Mysql/express/routes/queryRoutes.js": {"path":"/home/bhavin/Documents/Practical/10. Testing/Mysql/express/routes/queryRoutes.js","statementMap":{"0":{"start":{"line":1,"column":16},"end":{"line":1,"column":34}},"1":{"start":{"line":2,"column":14},"end":{"line":2,"column":44}},"2":{"start":{"line":4,"column":15},"end":{"line":4,"column":31}},"3":{"start":{"line":6,"column":0},"end":{"line":11,"column":3}},"4":{"start":{"line":7,"column":15},"end":{"line":7,"column":49}},"5":{"start":{"line":9,"column":27},"end":{"line":9,"column":47}},"6":{"start":{"line":10,"column":4},"end":{"line":10,"column":43}},"7":{"start":{"line":12,"column":0},"end":{"line":12,"column":24}}},"fnMap":{"0":{"name":"(anonymous_0)","decl":{"start":{"line":6,"column":19},"end":{"line":6,"column":20}},"loc":{"start":{"line":6,"column":39},"end":{"line":11,"column":1}},"line":6}},"branchMap":{},"s":{"0":4,"1":4,"2":4,"3":4,"4":7,"5":7,"6":7,"7":4},"f":{"0":7},"b":{},"_coverageSchema":"1a1c01bbd47fc00a2c39e90264f33305004495a9","hash":"b0d3885f64bde5ea0cc05e447195266606a5ac16"}
,"/home/bhavin/Documents/Practical/10. Testing/Mysql/express/routes/userRoutes.js": {"path":"/home/bhavin/Documents/Practical/10. Testing/Mysql/express/routes/userRoutes.js","statementMap":{"0":{"start":{"line":1,"column":16},"end":{"line":1,"column":34}},"1":{"start":{"line":2,"column":37},"end":{"line":2,"column":66}},"2":{"start":{"line":4,"column":15},"end":{"line":4,"column":31}},"3":{"start":{"line":6,"column":0},"end":{"line":6,"column":44}},"4":{"start":{"line":7,"column":0},"end":{"line":7,"column":40}},"5":{"start":{"line":8,"column":0},"end":{"line":8,"column":24}}},"fnMap":{},"branchMap":{},"s":{"0":4,"1":4,"2":4,"3":4,"4":4,"5":4},"f":{},"b":{},"_coverageSchema":"1a1c01bbd47fc00a2c39e90264f33305004495a9","hash":"115b855cba83a2507744ff113892a14ed118e224"}
,"/home/bhavin/Documents/Practical/10. Testing/Mysql/sequelize/helper.js": {"path":"/home/bhavin/Documents/Practical/10. Testing/Mysql/sequelize/helper.js","statementMap":{"0":{"start":{"line":1,"column":26},"end":{"line":22,"column":1}},"1":{"start":{"line":2,"column":23},"end":{"line":2,"column":32}},"2":{"start":{"line":4,"column":4},"end":{"line":7,"column":7}},"3":{"start":{"line":8,"column":4},"end":{"line":8,"column":67}},"4":{"start":{"line":10,"column":4},"end":{"line":13,"column":7}},"5":{"start":{"line":15,"column":4},"end":{"line":18,"column":7}},"6":{"start":{"line":20,"column":4},"end":{"line":20,"column":78}},"7":{"start":{"line":21,"column":4},"end":{"line":21,"column":80}},"8":{"start":{"line":24,"column":0},"end":{"line":24,"column":39}}},"fnMap":{"0":{"name":"(anonymous_0)","decl":{"start":{"line":1,"column":26},"end":{"line":1,"column":27}},"loc":{"start":{"line":1,"column":41},"end":{"line":22,"column":1}},"line":1}},"branchMap":{},"s":{"0":4,"1":4,"2":4,"3":4,"4":4,"5":4,"6":4,"7":4,"8":4},"f":{"0":4},"b":{},"_coverageSchema":"1a1c01bbd47fc00a2c39e90264f33305004495a9","hash":"18f8eb2b72f4765391a38df183124423c1c56f72"}
,"/home/bhavin/Documents/Practical/10. Testing/Mysql/sequelize/index.js": {"path":"/home/bhavin/Documents/Practical/10. Testing/Mysql/sequelize/index.js","statementMap":{"0":{"start":{"line":1,"column":18},"end":{"line":1,"column":38}},"1":{"start":{"line":2,"column":30},"end":{"line":2,"column":49}},"2":{"start":{"line":3,"column":22},"end":{"line":3,"column":42}},"3":{"start":{"line":5,"column":18},"end":{"line":17,"column":1}},"4":{"start":{"line":20,"column":22},"end":{"line":25,"column":1}},"5":{"start":{"line":27,"column":0},"end":{"line":27,"column":66}},"6":{"start":{"line":27,"column":42},"end":{"line":27,"column":66}},"7":{"start":{"line":29,"column":0},"end":{"line":29,"column":29}},"8":{"start":{"line":30,"column":0},"end":{"line":30,"column":27}}},"fnMap":{},"branchMap":{"0":{"loc":{"start":{"line":12,"column":17},"end":{"line":12,"column":70}},"type":"cond-expr","locations":[{"start":{"line":12,"column":58},"end":{"line":12,"column":62}},{"start":{"line":12,"column":65},"end":{"line":12,"column":70}}],"line":12}},"s":{"0":4,"1":4,"2":4,"3":4,"4":4,"5":4,"6":16,"7":4,"8":4},"f":{},"b":{"0":[0,4]},"_coverageSchema":"1a1c01bbd47fc00a2c39e90264f33305004495a9","hash":"4fb7539e714c7b4dbdaf706e0b83bbdb43804b84"}
,"/home/bhavin/Documents/Practical/10. Testing/Mysql/sequelize/models/Order.js": {"path":"/home/bhavin/Documents/Practical/10. Testing/Mysql/sequelize/models/Order.js","statementMap":{"0":{"start":{"line":1,"column":22},"end":{"line":1,"column":42}},"1":{"start":{"line":3,"column":0},"end":{"line":25,"column":2}},"2":{"start":{"line":4,"column":4},"end":{"line":24,"column":7}}},"fnMap":{"0":{"name":"(anonymous_0)","decl":{"start":{"line":3,"column":17},"end":{"line":3,"column":18}},"loc":{"start":{"line":3,"column":32},"end":{"line":25,"column":1}},"line":3}},"branchMap":{},"s":{"0":4,"1":4,"2":4},"f":{"0":4},"b":{},"_coverageSchema":"1a1c01bbd47fc00a2c39e90264f33305004495a9","hash":"d3602119ebbe6285af62c9307af215f82bc263b2"}
,"/home/bhavin/Documents/Practical/10. Testing/Mysql/sequelize/models/Order_Detail.js": {"path":"/home/bhavin/Documents/Practical/10. Testing/Mysql/sequelize/models/Order_Detail.js","statementMap":{"0":{"start":{"line":1,"column":22},"end":{"line":1,"column":42}},"1":{"start":{"line":3,"column":0},"end":{"line":10,"column":2}},"2":{"start":{"line":4,"column":4},"end":{"line":9,"column":7}}},"fnMap":{"0":{"name":"(anonymous_0)","decl":{"start":{"line":3,"column":17},"end":{"line":3,"column":18}},"loc":{"start":{"line":3,"column":32},"end":{"line":10,"column":1}},"line":3}},"branchMap":{},"s":{"0":4,"1":4,"2":4},"f":{"0":4},"b":{},"_coverageSchema":"1a1c01bbd47fc00a2c39e90264f33305004495a9","hash":"e6db47dc5a820b3d49db932352655fbe418867f2"}
,"/home/bhavin/Documents/Practical/10. Testing/Mysql/sequelize/models/Product.js": {"path":"/home/bhavin/Documents/Practical/10. Testing/Mysql/sequelize/models/Product.js","statementMap":{"0":{"start":{"line":1,"column":22},"end":{"line":1,"column":42}},"1":{"start":{"line":3,"column":0},"end":{"line":23,"column":2}},"2":{"start":{"line":4,"column":4},"end":{"line":22,"column":7}}},"fnMap":{"0":{"name":"(anonymous_0)","decl":{"start":{"line":3,"column":17},"end":{"line":3,"column":18}},"loc":{"start":{"line":3,"column":32},"end":{"line":23,"column":1}},"line":3}},"branchMap":{},"s":{"0":4,"1":4,"2":4},"f":{"0":4},"b":{},"_coverageSchema":"1a1c01bbd47fc00a2c39e90264f33305004495a9","hash":"614d38943e5ac3f06e13fadf1b83cab43f7d0a69"}
,"/home/bhavin/Documents/Practical/10. Testing/Mysql/sequelize/models/User.js": {"path":"/home/bhavin/Documents/Practical/10. Testing/Mysql/sequelize/models/User.js","statementMap":{"0":{"start":{"line":1,"column":22},"end":{"line":1,"column":42}},"1":{"start":{"line":3,"column":0},"end":{"line":27,"column":2}},"2":{"start":{"line":4,"column":4},"end":{"line":26,"column":7}}},"fnMap":{"0":{"name":"(anonymous_0)","decl":{"start":{"line":3,"column":17},"end":{"line":3,"column":18}},"loc":{"start":{"line":3,"column":32},"end":{"line":27,"column":1}},"line":3}},"branchMap":{},"s":{"0":4,"1":4,"2":4},"f":{"0":4},"b":{},"_coverageSchema":"1a1c01bbd47fc00a2c39e90264f33305004495a9","hash":"449140ac0f4dd3d59e0734f4216985dddab8a4d3"}
,"/home/bhavin/Documents/Practical/10. Testing/Mysql/test/utils/index.js": {"path":"/home/bhavin/Documents/Practical/10. Testing/Mysql/test/utils/index.js","statementMap":{"0":{"start":{"line":1,"column":15},"end":{"line":1,"column":48}},"1":{"start":{"line":2,"column":16},"end":{"line":2,"column":36}},"2":{"start":{"line":4,"column":16},"end":{"line":20,"column":1}},"3":{"start":{"line":5,"column":4},"end":{"line":7,"column":7}},"4":{"start":{"line":9,"column":4},"end":{"line":11,"column":7}},"5":{"start":{"line":13,"column":4},"end":{"line":15,"column":7}},"6":{"start":{"line":17,"column":4},"end":{"line":19,"column":7}},"7":{"start":{"line":22,"column":23},"end":{"line":55,"column":1}},"8":{"start":{"line":23,"column":13},"end":{"line":26,"column":6}},"9":{"start":{"line":28,"column":4},"end":{"line":28,"column":33}},"10":{"start":{"line":30,"column":13},"end":{"line":33,"column":6}},"11":{"start":{"line":35,"column":4},"end":{"line":35,"column":33}},"12":{"start":{"line":37,"column":15},"end":{"line":41,"column":6}},"13":{"start":{"line":42,"column":4},"end":{"line":42,"column":37}},"14":{"start":{"line":44,"column":18},"end":{"line":52,"column":5}},"15":{"start":{"line":54,"column":4},"end":{"line":54,"column":63}},"16":{"start":{"line":56,"column":0},"end":{"line":56,"column":45}}},"fnMap":{"0":{"name":"(anonymous_0)","decl":{"start":{"line":4,"column":16},"end":{"line":4,"column":17}},"loc":{"start":{"line":4,"column":28},"end":{"line":20,"column":1}},"line":4},"1":{"name":"(anonymous_1)","decl":{"start":{"line":22,"column":23},"end":{"line":22,"column":24}},"loc":{"start":{"line":22,"column":38},"end":{"line":55,"column":1}},"line":22}},"branchMap":{},"s":{"0":4,"1":4,"2":4,"3":4,"4":4,"5":4,"6":4,"7":4,"8":1,"9":1,"10":1,"11":1,"12":1,"13":1,"14":1,"15":1,"16":4},"f":{"0":4,"1":1},"b":{},"_coverageSchema":"1a1c01bbd47fc00a2c39e90264f33305004495a9","hash":"fc58f298ed025db3673504ffbf32ebb9be0a28ee"}
}
