TN:
SF:config.js
FNF:0
FNH:0
DA:1,4
DA:3,4
DA:4,4
DA:5,0
DA:6,0
DA:8,0
DA:11,4
DA:19,4
DA:23,4
LF:9
LH:6
BRDA:3,0,0,4
BRDA:3,0,1,0
BRDA:5,1,0,0
BRDA:5,1,1,0
BRF:4
BRH:1
end_of_record
TN:
SF:express/errorHandler.js
FN:1,(anonymous_0)
FNF:1
FNH:1
FNDA:6,(anonymous_0)
DA:1,4
DA:2,6
LF:2
LH:2
BRF:0
BRH:0
end_of_record
TN:
SF:express/index.js
FNF:0
FNH:0
DA:1,4
DA:2,4
DA:4,4
DA:7,4
DA:11,4
DA:12,4
DA:13,4
DA:14,4
DA:17,4
DA:19,4
LF:10
LH:10
BRF:0
BRH:0
end_of_record
TN:
SF:express/controller/order.js
FN:4,(anonymous_0)
FN:13,(anonymous_1)
FN:29,(anonymous_2)
FNF:3
FNH:3
FNDA:1,(anonymous_0)
FNDA:3,(anonymous_1)
FNDA:4,(anonymous_2)
DA:1,4
DA:2,4
DA:4,4
DA:5,1
DA:6,1
DA:7,1
DA:9,0
DA:13,4
DA:14,3
DA:16,3
DA:17,3
DA:19,3
DA:28,2
DA:30,4
DA:39,2
DA:41,2
DA:51,1
DA:52,1
DA:55,4
LF:19
LH:18
BRF:0
BRH:0
end_of_record
TN:
SF:express/controller/product.js
FN:3,(anonymous_0)
FN:12,(anonymous_1)
FNF:2
FNH:2
FNDA:1,(anonymous_0)
FNDA:3,(anonymous_1)
DA:1,4
DA:3,4
DA:4,1
DA:5,1
DA:6,1
DA:8,0
DA:12,4
DA:13,3
DA:14,3
DA:16,3
DA:20,1
DA:22,2
DA:25,4
LF:13
LH:12
BRF:0
BRH:0
end_of_record
TN:
SF:express/controller/query.js
FN:4,(anonymous_0)
FN:21,(anonymous_1)
FN:37,(anonymous_2)
FN:62,(anonymous_3)
FN:85,(anonymous_4)
FN:113,(anonymous_5)
FN:139,(anonymous_6)
FNF:7
FNH:7
FNDA:1,(anonymous_0)
FNDA:1,(anonymous_1)
FNDA:1,(anonymous_2)
FNDA:1,(anonymous_3)
FNDA:1,(anonymous_4)
FNDA:1,(anonymous_5)
FNDA:1,(anonymous_6)
DA:1,4
DA:2,4
DA:4,4
DA:5,1
DA:6,1
DA:11,1
DA:17,0
DA:21,4
DA:22,1
DA:23,1
DA:27,1
DA:33,0
DA:37,4
DA:38,1
DA:39,1
DA:52,1
DA:58,0
DA:62,4
DA:63,1
DA:64,1
DA:75,1
DA:81,0
DA:85,4
DA:86,1
DA:87,1
DA:103,1
DA:109,0
DA:113,4
DA:114,1
DA:115,1
DA:129,1
DA:135,0
DA:139,4
DA:140,1
DA:141,1
DA:155,1
DA:161,0
DA:165,4
LF:38
LH:31
BRF:0
BRH:0
end_of_record
TN:
SF:express/controller/user.js
FN:3,(anonymous_0)
FN:33,(anonymous_1)
FNF:2
FNH:2
FNDA:1,(anonymous_0)
FNDA:4,(anonymous_1)
DA:1,4
DA:2,4
DA:3,4
DA:4,1
DA:5,1
DA:27,1
DA:29,0
DA:33,4
DA:34,4
DA:35,4
DA:37,4
DA:42,1
DA:44,3
DA:47,4
LF:14
LH:13
BRF:0
BRH:0
end_of_record
TN:
SF:express/routes/orderRoutes.js
FNF:0
FNH:0
DA:1,4
DA:2,4
DA:4,4
DA:6,4
DA:7,4
DA:8,4
LF:6
LH:6
BRF:0
BRH:0
end_of_record
TN:
SF:express/routes/productRoutes.js
FNF:0
FNH:0
DA:1,4
DA:2,4
DA:4,4
DA:6,4
DA:7,4
DA:8,4
LF:6
LH:6
BRF:0
BRH:0
end_of_record
TN:
SF:express/routes/queryRoutes.js
FN:6,(anonymous_0)
FNF:1
FNH:1
FNDA:7,(anonymous_0)
DA:1,4
DA:2,4
DA:4,4
DA:6,4
DA:7,7
DA:9,7
DA:10,7
DA:12,4
LF:8
LH:8
BRF:0
BRH:0
end_of_record
TN:
SF:express/routes/userRoutes.js
FNF:0
FNH:0
DA:1,4
DA:2,4
DA:4,4
DA:6,4
DA:7,4
DA:8,4
LF:6
LH:6
BRF:0
BRH:0
end_of_record
TN:
SF:sequelize/helper.js
FN:1,(anonymous_0)
FNF:1
FNH:1
FNDA:4,(anonymous_0)
DA:1,4
DA:2,4
DA:4,4
DA:8,4
DA:10,4
DA:15,4
DA:20,4
DA:21,4
DA:24,4
LF:9
LH:9
BRF:0
BRH:0
end_of_record
TN:
SF:sequelize/index.js
FNF:0
FNH:0
DA:1,4
DA:2,4
DA:3,4
DA:5,4
DA:20,4
DA:27,16
DA:29,4
DA:30,4
LF:8
LH:8
BRDA:12,0,0,0
BRDA:12,0,1,4
BRF:2
BRH:1
end_of_record
TN:
SF:sequelize/models/Order.js
FN:3,(anonymous_0)
FNF:1
FNH:1
FNDA:4,(anonymous_0)
DA:1,4
DA:3,4
DA:4,4
LF:3
LH:3
BRF:0
BRH:0
end_of_record
TN:
SF:sequelize/models/Order_Detail.js
FN:3,(anonymous_0)
FNF:1
FNH:1
FNDA:4,(anonymous_0)
DA:1,4
DA:3,4
DA:4,4
LF:3
LH:3
BRF:0
BRH:0
end_of_record
TN:
SF:sequelize/models/Product.js
FN:3,(anonymous_0)
FNF:1
FNH:1
FNDA:4,(anonymous_0)
DA:1,4
DA:3,4
DA:4,4
LF:3
LH:3
BRF:0
BRH:0
end_of_record
TN:
SF:sequelize/models/User.js
FN:3,(anonymous_0)
FNF:1
FNH:1
FNDA:4,(anonymous_0)
DA:1,4
DA:3,4
DA:4,4
LF:3
LH:3
BRF:0
BRH:0
end_of_record
TN:
SF:test/utils/index.js
FN:4,(anonymous_0)
FN:22,(anonymous_1)
FNF:2
FNH:2
FNDA:4,(anonymous_0)
FNDA:1,(anonymous_1)
DA:1,4
DA:2,4
DA:4,4
DA:5,4
DA:9,4
DA:13,4
DA:17,4
DA:22,4
DA:23,1
DA:28,1
DA:30,1
DA:35,1
DA:37,1
DA:42,1
DA:44,1
DA:54,1
DA:56,4
LF:17
LH:17
BRF:0
BRH:0
end_of_record
